  CppCLR_WinformsProjekt.cpp
c:\users\эмиль\desktop\задача дирихле\задача дирихле\cppclr_winformsprojekt.cpp(1): warning C4005: __CLR_VER: изменение макроопределения
  c:\users\эмиль\desktop\задача дирихле\задача дирихле\pch.cpp: note: см. предыдущее определение "__CLR_VER"
c:\users\эмиль\desktop\задача дирихле\задача дирихле\cppclr_winformsprojekt.cpp(1): warning C4651: параметр "/D__CLR_VER=40804075" указан для предкомпилированного заголовка, но не для текущей компиляции
c:\users\эмиль\desktop\задача дирихле\задача дирихле\form1.h(579): warning C4244: инициализация: преобразование "double" в "int", возможна потеря данных
c:\users\эмиль\desktop\задача дирихле\задача дирихле\form1.h(586): warning C4244: инициализация: преобразование "double" в "int", возможна потеря данных
c:\users\эмиль\desktop\задача дирихле\задача дирихле\form1.h(587): warning C4244: инициализация: преобразование "double" в "int", возможна потеря данных
c:\users\эмиль\desktop\задача дирихле\задача дирихле\form1.h(639): warning C4244: =: преобразование "double" в "int", возможна потеря данных
c:\users\эмиль\desktop\задача дирихле\задача дирихле\form1.h(594): warning C4101: r: неиспользованная локальная переменная
c:\users\эмиль\desktop\задача дирихле\задача дирихле\form1.h(739): warning C4244: инициализация: преобразование "double" в "int", возможна потеря данных
c:\users\эмиль\desktop\задача дирихле\задача дирихле\form1.h(746): warning C4244: инициализация: преобразование "double" в "int", возможна потеря данных
c:\users\эмиль\desktop\задача дирихле\задача дирихле\form1.h(747): warning C4244: инициализация: преобразование "double" в "int", возможна потеря данных
c:\users\эмиль\desktop\задача дирихле\задача дирихле\form1.h(756): warning C4101: v_new: неиспользованная локальная переменная
c:\users\эмиль\desktop\задача дирихле\задача дирихле\form1.h(751): warning C4101: f: неиспользованная локальная переменная
c:\users\эмиль\desktop\задача дирихле\задача дирихле\form1.h(753): warning C4101: j: неиспользованная локальная переменная
c:\users\эмиль\desktop\задача дирихле\задача дирихле\form1.h(753): warning C4101: i: неиспользованная локальная переменная
c:\users\эмиль\desktop\задача дирихле\задача дирихле\form1.h(754): warning C4101: r: неиспользованная локальная переменная
c:\users\эмиль\desktop\задача дирихле\задача дирихле\form1.h(755): warning C4101: v_old: неиспользованная локальная переменная
  AssemblyInfo.obj : обнаружен модуль MSIL; для MSIL последовательная компоновка отключена; выполняется полная компоновка
  Задача Дирихле.vcxproj -> C:\Users\Эмиль\Desktop\Задача Дирихле\x64\Debug\Задача Дирихле.exe
